<?xml version="1.0" encoding="UTF-8"?>
<!-- Generated by org.testng.reporters.JUnitReportReporter -->
<testsuite skipped="0" hostname="BDC4-D-1SK0N62" name="seleniumadvanced.linkTesting" tests="1" failures="0" timestamp="07 Feb 2019 07:30:09 GMT" time="48.495" errors="0">
  <testcase name="linkTest" time="48.495" classname="seleniumadvanced.linkTesting"/>
</testsuite> <!-- seleniumadvanced.linkTesting -->
