<?xml version="1.0" encoding="UTF-8"?>
<!-- Generated by org.testng.reporters.JUnitReportReporter -->
<testsuite skipped="0" hostname="BDC4-D-1SK0N62" name="seleniumadvanced.loginExcel" tests="1" failures="0" timestamp="08 Feb 2019 06:33:02 GMT" time="5.920" errors="0">
  <testcase name="logiExcel" time="5.920" classname="seleniumadvanced.loginExcel"/>
</testsuite> <!-- seleniumadvanced.loginExcel -->
